0 info it worked if it ends with ok
1 verbose cli [ '/usr/local/bin/node',
1 verbose cli   '/usr/local/bin/npm',
1 verbose cli   'run',
1 verbose cli   'build',
1 verbose cli   '-',
1 verbose cli   'builds',
1 verbose cli   'the',
1 verbose cli   'iframe',
1 verbose cli   'embed' ]
2 info using npm@4.0.5
3 info using node@v7.4.0
4 verbose stack Error: ENOENT: no such file or directory, open '/var/www/html/vr/package.json'
5 verbose cwd /var/www/html/vr
6 error Linux 4.4.0-66-generic
7 error argv "/usr/local/bin/node" "/usr/local/bin/npm" "run" "build" "-" "builds" "the" "iframe" "embed"
8 error node v7.4.0
9 error npm  v4.0.5
10 error path /var/www/html/vr/package.json
11 error code ENOENT
12 error errno -2
13 error syscall open
14 error enoent ENOENT: no such file or directory, open '/var/www/html/vr/package.json'
15 error enoent ENOENT: no such file or directory, open '/var/www/html/vr/package.json'
15 error enoent This is most likely not a problem with npm itself
15 error enoent and is related to npm not being able to find a file.
16 verbose exit [ -2, true ]
